# Logfile created on Fri Jun 27 16:59:48 -0500 2008 by /
LocalIndex: ensure_index_exists at /Users/lanceennen/Sites/xploreu_1.0/index/development/user
rebuild index: [User(id: integer, screen_name: string, email: string, password: string, created_at: datetime, updated_at: datetime, authorization_token: string)]
reindexing model User
reindex model User : 100.00% complete : 0.00 secs to finish
LocalIndex: ensure_index_exists at /Users/lanceennen/Sites/xploreu_1.0/index/development/user
LocalIndex: ensure_index_exists at /Users/lanceennen/Sites/xploreu_1.0/index/development/faq
rebuild index: [Faq(id: integer, user_id: integer, bio: text, skillz: text, schools: text, companies: text, music: text, movies: text, television: text, magazines: text, books: text)]
reindexing model Faq
reindex model Faq : 100.00% complete : 0.00 secs to finish
LocalIndex: ensure_index_exists at /Users/lanceennen/Sites/xploreu_1.0/index/development/faq
LocalIndex: ensure_index_exists at /Users/lanceennen/Sites/xploreu_1.0/index/development/user
LocalIndex: ensure_index_exists at /Users/lanceennen/Sites/xploreu_1.0/index/development/user
LocalIndex: ensure_index_exists at /Users/lanceennen/Sites/xploreu_1.0/index/development/faq
LocalIndex: ensure_index_exists at /Users/lanceennen/Sites/xploreu_1.0/index/development/faq
LocalIndex: ensure_index_exists at /Users/lanceennen/Sites/xploreu_1.0/index/development/user
LocalIndex: ensure_index_exists at /Users/lanceennen/Sites/xploreu_1.0/index/development/faq
LocalIndex: ensure_index_exists at /Users/lanceennen/Sites/xploreu_1.0/index/development/user
LocalIndex: ensure_index_exists at /Users/lanceennen/Sites/xploreu_1.0/index/development/faq
LocalIndex: ensure_index_exists at /Users/lanceennen/Sites/xploreu_1.0/index/development/user
LocalIndex: ensure_index_exists at /Users/lanceennen/Sites/xploreu_1.0/index/development/user
LocalIndex: ensure_index_exists at /Users/lanceennen/Sites/xploreu_1.0/index/development/faq
LocalIndex: ensure_index_exists at /Users/lanceennen/Sites/xploreu_1.0/index/development/faq
LocalIndex: ensure_index_exists at /Users/lanceennen/Sites/xploreu_1.0/index/development/user
LocalIndex: ensure_index_exists at /Users/lanceennen/Sites/xploreu_1.0/index/development/user
LocalIndex: ensure_index_exists at /Users/lanceennen/Sites/xploreu_1.0/index/development/user
LocalIndex: ensure_index_exists at /Users/lanceennen/Sites/xploreu_1.0/index/development/user
LocalIndex: ensure_index_exists at /Users/lanceennen/Sites/xploreu_1.0/index/development/user
query: +(screen_name:lance email:lance) +(screen_name:ennen email:ennen)
stored_fields: 
LocalIndex: ensure_index_exists at /Users/lanceennen/Sites/xploreu_1.0/index/development/spec
rebuild index: [Spec(id: integer, user_id: integer, first_name: string, last_name: string, gender: string, birthdate: date, occupation: string, city: string, state: string, zip_code: string, created_at: datetime, updated_at: datetime)]
reindexing model Spec
LocalIndex: ensure_index_exists at /Users/lanceennen/Sites/xploreu_1.0/index/development/spec
LocalIndex: ensure_index_exists at /Users/lanceennen/Sites/xploreu_1.0/index/development/spec
query: +(state:lance city:lance updated_at:lance gender:lance occupation:lance created_at:lance last_name:lance birthdate:lance user_id:lance zip_code:lance first_name:lance) +(state:ennen city:ennen updated_at:ennen gender:ennen occupation:ennen created_at:ennen last_name:ennen birthdate:ennen user_id:ennen zip_code:ennen first_name:ennen)
stored_fields: 
LocalIndex: ensure_index_exists at /Users/lanceennen/Sites/xploreu_1.0/index/development/faq
LocalIndex: ensure_index_exists at /Users/lanceennen/Sites/xploreu_1.0/index/development/faq
LocalIndex: ensure_index_exists at /Users/lanceennen/Sites/xploreu_1.0/index/development/faq
query: +(books:lance music:lance companies:lance television:lance skillz:lance user_id:lance movies:lance schools:lance bio:lance magazines:lance) +(books:ennen music:ennen companies:ennen television:ennen skillz:ennen user_id:ennen movies:ennen schools:ennen bio:ennen magazines:ennen)
stored_fields: 
LocalIndex: ensure_index_exists at /Users/lanceennen/Sites/xploreu_1.0/index/development/user
LocalIndex: ensure_index_exists at /Users/lanceennen/Sites/xploreu_1.0/index/development/user
LocalIndex: ensure_index_exists at /Users/lanceennen/Sites/xploreu_1.0/index/development/faq
LocalIndex: ensure_index_exists at /Users/lanceennen/Sites/xploreu_1.0/index/development/faq
LocalIndex: ensure_index_exists at /Users/lanceennen/Sites/xploreu_1.0/index/development/user
LocalIndex: ensure_index_exists at /Users/lanceennen/Sites/xploreu_1.0/index/development/user
LocalIndex: ensure_index_exists at /Users/lanceennen/Sites/xploreu_1.0/index/development/user
LocalIndex: ensure_index_exists at /Users/lanceennen/Sites/xploreu_1.0/index/development/spec
LocalIndex: ensure_index_exists at /Users/lanceennen/Sites/xploreu_1.0/index/development/spec
LocalIndex: ensure_index_exists at /Users/lanceennen/Sites/xploreu_1.0/index/development/faq
LocalIndex: ensure_index_exists at /Users/lanceennen/Sites/xploreu_1.0/index/development/faq
LocalIndex: ensure_index_exists at /Users/lanceennen/Sites/xploreu_1.0/index/development/user
LocalIndex: ensure_index_exists at /Users/lanceennen/Sites/xploreu_1.0/index/development/user
query: screen_name:ennen email:ennen
stored_fields: 
LocalIndex: ensure_index_exists at /Users/lanceennen/Sites/xploreu_1.0/index/development/spec
LocalIndex: ensure_index_exists at /Users/lanceennen/Sites/xploreu_1.0/index/development/spec
query: state:ennen gender:ennen birthdate:ennen zip_code:ennen last_name:ennen first_name:ennen user_id:ennen city:ennen occupation:ennen
stored_fields: 
LocalIndex: ensure_index_exists at /Users/lanceennen/Sites/xploreu_1.0/index/development/faq
LocalIndex: ensure_index_exists at /Users/lanceennen/Sites/xploreu_1.0/index/development/faq
query: companies:ennen television:ennen skillz:ennen movies:ennen schools:ennen bio:ennen user_id:ennen magazines:ennen books:ennen music:ennen
stored_fields: 
